<?xml version="1.0" encoding="UTF-8" ?>
<testsuite tests="9" failures="0" name="Runner" time="5.646" errors="0" skipped="0">
  <properties>
[...]
</properties>
  <testcase classname="Validar cadastro com sucesso no site Register" name="que eu acesse o site Register" time="4.367"/>
  <testcase classname="Validar cadastro com sucesso no site Register" name="preencho o campo nome com valor &quot;Bruno&quot; e sobrenome com valor &quot;Farias&quot;" time="0.187"/>
  <testcase classname="Validar cadastro com sucesso no site Register" name="preencho o campo endereco com valor &quot;Av. Celso Garcia, 1907&quot;" time="0.106"/>
  <testcase classname="Validar cadastro com sucesso no site Register" name="preencho o campo email com valor &quot;teste@teste.com&quot;" time="0.092"/>
  <testcase classname="Validar cadastro com sucesso no site Register" name="preencho o campo telefone com valor &quot;9-9999-9998&quot;" time="0.097"/>
  <testcase classname="Validar cadastro com sucesso no site Register" name="clico no campo genero com valor Male" time="0.067"/>
  <testcase classname="Validar cadastro com sucesso no site Register" name="clico no campo hobie1 com valor Cricket e clico no campo hobie2 com valor Movies" time="0.09"/>
  <testcase classname="Validar cadastro com sucesso no site Register" name="clico no campo habilidade com valor XML" time="0.075"/>
  <testcase classname="Validar cadastro com sucesso no site Register" name="Validar cadastro com sucesso no site Register" time="0.565"/>
</testsuite>